<?xml version="1.0" encoding="UTF-8"?>
<!--

 Copyright (C) 2006-2007 GtkSourceView team
 Author: Paolo Maggi <paolo@gnome.org>

 This library is free software; you can redistribute it and/or
 modify it under the terms of the GNU Library General Public
 License as published by the Free Software Foundation; either
 version 2 of the License, or (at your option) any later version.

 This library is distributed in the hope that it will be useful,
 but WITHOUT ANY WARRANTY; without even the implied warranty of
 MERCHANTABILITY or FITNESS FOR A PARTICULAR PURPOSE.  See the GNU
 Library General Public License for more details.

 You should have received a copy of the GNU Library General Public
 License along with this library; if not, write to the
 Free Software Foundation, Inc., 59 Temple Place - Suite 330,
 Boston, MA 02111-1307, USA.

-->
<style-scheme id="testschemes" _name="Test" version="1.0" parent-scheme="gvim">
  <author>GtkSourceView team</author>
  <_description>This is a test scheme </_description>
  
  <style name="text"                        background="#EEEEEE"/> 
</style-scheme>
